{"/Users/MAC/Documents/bookstack-ci/src/app.ts": {"path":"/Users/MAC/Documents/bookstack-ci/src/app.ts","statementMap":{"0":{"start":{"line":1,"column":0},"end":{"line":1,"column":28}},"1":{"start":{"line":2,"column":0},"end":{"line":2,"column":16}},"2":{"start":{"line":3,"column":0},"end":{"line":3,"column":30}},"3":{"start":{"line":4,"column":0},"end":{"line":4,"column":40}},"4":{"start":{"line":5,"column":0},"end":{"line":5,"column":46}},"5":{"start":{"line":6,"column":0},"end":{"line":6,"column":46}},"6":{"start":{"line":7,"column":0},"end":{"line":7,"column":24}},"7":{"start":{"line":9,"column":0},"end":{"line":9,"column":12}},"8":{"start":{"line":11,"column":12},"end":{"line":11,"column":21}},"9":{"start":{"line":12,"column":0},"end":{"line":12,"column":24}},"10":{"start":{"line":13,"column":0},"end":{"line":13,"column":16}},"11":{"start":{"line":15,"column":0},"end":{"line":17,"column":3}},"12":{"start":{"line":16,"column":2},"end":{"line":16,"column":32}},"13":{"start":{"line":19,"column":13},"end":{"line":19,"column":37}},"14":{"start":{"line":20,"column":0},"end":{"line":20,"column":59}},"15":{"start":{"line":22,"column":0},"end":{"line":26,"column":1}},"16":{"start":{"line":23,"column":2},"end":{"line":25,"column":5}},"17":{"start":{"line":24,"column":4},"end":{"line":24,"column":82}},"18":{"start":{"line":28,"column":0},"end":{"line":30,"column":3}},"19":{"start":{"line":29,"column":2},"end":{"line":29,"column":80}},"20":{"start":{"line":32,"column":0},"end":{"line":32,"column":33}},"21":{"start":{"line":33,"column":0},"end":{"line":33,"column":34}},"22":{"start":{"line":35,"column":0},"end":{"line":35,"column":19}}},"fnMap":{"0":{"name":"(anonymous_1)","decl":{"start":{"line":15,"column":13},"end":{"line":15,"column":14}},"loc":{"start":{"line":15,"column":26},"end":{"line":17,"column":1}}},"1":{"name":"(anonymous_2)","decl":{"start":{"line":23,"column":19},"end":{"line":23,"column":22}},"loc":{"start":{"line":23,"column":24},"end":{"line":25,"column":3}}},"2":{"name":"(anonymous_3)","decl":{"start":{"line":28,"column":17},"end":{"line":28,"column":20}},"loc":{"start":{"line":28,"column":22},"end":{"line":30,"column":1}}}},"branchMap":{"0":{"loc":{"start":{"line":19,"column":13},"end":{"line":19,"column":37}},"type":"binary-expr","locations":[{"start":{"line":19,"column":13},"end":{"line":19,"column":29}},{"start":{"line":19,"column":33},"end":{"line":19,"column":37}}]},"1":{"loc":{"start":{"line":22,"column":0},"end":{"line":26,"column":1}},"type":"if","locations":[{"start":{"line":22,"column":0},"end":{"line":26,"column":1}}]}},"s":{"0":2,"1":2,"2":2,"3":2,"4":2,"5":2,"6":2,"7":2,"8":2,"9":2,"10":2,"11":2,"12":0,"13":2,"14":2,"15":2,"16":0,"17":0,"18":2,"19":0,"20":2,"21":2,"22":2},"f":{"0":0,"1":0,"2":0},"b":{"0":[2,0],"1":[0]}}
,"/Users/MAC/Documents/bookstack-ci/src/config/db.ts": {"path":"/Users/MAC/Documents/bookstack-ci/src/config/db.ts","statementMap":{"0":{"start":{"line":1,"column":0},"end":{"line":1,"column":7}},"1":{"start":{"line":14,"column":20},"end":{"line":1,"column":19}},"2":{"start":{"line":14,"column":30},"end":{"line":1,"column":27}},"3":{"start":{"line":14,"column":38},"end":{"line":1,"column":52}},"4":{"start":{"line":14,"column":64},"end":{"line":1,"column":112}},"5":{"start":{"line":2,"column":0},"end":{"line":2,"column":9}},"6":{"start":{"line":14,"column":107},"end":{"line":2,"column":58}},"7":{"start":{"line":4,"column":18},"end":{"line":12,"column":1}},"8":{"start":{"line":5,"column":2},"end":{"line":11,"column":3}},"9":{"start":{"line":6,"column":17},"end":{"line":6,"column":72}},"10":{"start":{"line":7,"column":4},"end":{"line":7,"column":62}},"11":{"start":{"line":9,"column":4},"end":{"line":9,"column":56}},"12":{"start":{"line":10,"column":4},"end":{"line":10,"column":20}},"13":{"start":{"line":14,"column":9},"end":{"line":14,"column":18}}},"fnMap":{"0":{"name":"(anonymous_9)","decl":{"start":{"line":14,"column":30},"end":{"line":14,"column":36}},"loc":{"start":{"line":14,"column":30},"end":{"line":1,"column":27}}},"1":{"name":"(anonymous_10)","decl":{"start":{"line":14,"column":38},"end":{"line":14,"column":46}},"loc":{"start":{"line":14,"column":38},"end":{"line":1,"column":52}}},"2":{"name":"(anonymous_11)","decl":{"start":{"line":14,"column":64},"end":{"line":14,"column":69}},"loc":{"start":{"line":14,"column":64},"end":{"line":1,"column":112}}},"3":{"name":"(anonymous_12)","decl":{"start":{"line":14,"column":107},"end":{"line":14,"column":124}},"loc":{"start":{"line":14,"column":107},"end":{"line":2,"column":58}}},"4":{"name":"(anonymous_13)","decl":{"start":{"line":4,"column":18},"end":{"line":4,"column":23}},"loc":{"start":{"line":4,"column":44},"end":{"line":12,"column":1}}}},"branchMap":{},"s":{"0":2,"1":2,"2":4,"3":2,"4":2,"5":2,"6":4,"7":2,"8":2,"9":2,"10":2,"11":0,"12":0,"13":2},"f":{"0":2,"1":0,"2":0,"3":2,"4":2},"b":{}}
,"/Users/MAC/Documents/bookstack-ci/src/controllers/auth.controller.ts": {"path":"/Users/MAC/Documents/bookstack-ci/src/controllers/auth.controller.ts","statementMap":{"0":{"start":{"line":2,"column":0},"end":{"line":2,"column":46}},"1":{"start":{"line":3,"column":0},"end":{"line":3,"column":41}},"2":{"start":{"line":4,"column":0},"end":{"line":4,"column":47}},"3":{"start":{"line":5,"column":0},"end":{"line":5,"column":50}},"4":{"start":{"line":6,"column":0},"end":{"line":6,"column":52}},"5":{"start":{"line":7,"column":0},"end":{"line":7,"column":49}},"6":{"start":{"line":9,"column":0},"end":{"line":9,"column":54}},"7":{"start":{"line":10,"column":0},"end":{"line":10,"column":40}},"8":{"start":{"line":14,"column":42},"end":{"line":14,"column":50}},"9":{"start":{"line":15,"column":4},"end":{"line":15,"column":50}},"10":{"start":{"line":17,"column":4},"end":{"line":60,"column":5}},"11":{"start":{"line":18,"column":6},"end":{"line":18,"column":44}},"12":{"start":{"line":20,"column":25},"end":{"line":20,"column":66}},"13":{"start":{"line":21,"column":6},"end":{"line":24,"column":7}},"14":{"start":{"line":22,"column":8},"end":{"line":22,"column":50}},"15":{"start":{"line":23,"column":8},"end":{"line":23,"column":90}},"16":{"start":{"line":26,"column":18},"end":{"line":26,"column":47}},"17":{"start":{"line":28,"column":42},"end":{"line":28,"column":75}},"18":{"start":{"line":29,"column":19},"end":{"line":32,"column":8}},"19":{"start":{"line":34,"column":20},"end":{"line":37,"column":8}},"20":{"start":{"line":39,"column":22},"end":{"line":47,"column":null}},"21":{"start":{"line":50,"column":6},"end":{"line":53,"column":7}},"22":{"start":{"line":51,"column":8},"end":{"line":51,"column":50}},"23":{"start":{"line":52,"column":8},"end":{"line":52,"column":89}},"24":{"start":{"line":55,"column":6},"end":{"line":55,"column":49}},"25":{"start":{"line":56,"column":6},"end":{"line":56,"column":120}},"26":{"start":{"line":58,"column":6},"end":{"line":58,"column":43}},"27":{"start":{"line":59,"column":6},"end":{"line":59,"column":112}},"28":{"start":{"line":64,"column":32},"end":{"line":64,"column":40}},"29":{"start":{"line":65,"column":4},"end":{"line":65,"column":47}},"30":{"start":{"line":67,"column":4},"end":{"line":92,"column":5}},"31":{"start":{"line":68,"column":19},"end":{"line":68,"column":60}},"32":{"start":{"line":69,"column":6},"end":{"line":69,"column":24}},"33":{"start":{"line":71,"column":6},"end":{"line":88,"column":7}},"34":{"start":{"line":72,"column":44},"end":{"line":72,"column":77}},"35":{"start":{"line":73,"column":21},"end":{"line":76,"column":10}},"36":{"start":{"line":78,"column":22},"end":{"line":81,"column":10}},"37":{"start":{"line":83,"column":8},"end":{"line":83,"column":76}},"38":{"start":{"line":85,"column":8},"end":{"line":85,"column":120}},"39":{"start":{"line":87,"column":8},"end":{"line":87,"column":94}},"40":{"start":{"line":90,"column":6},"end":{"line":90,"column":43}},"41":{"start":{"line":91,"column":6},"end":{"line":91,"column":112}},"42":{"start":{"line":96,"column":22},"end":{"line":96,"column":30}},"43":{"start":{"line":97,"column":4},"end":{"line":97,"column":56}},"44":{"start":{"line":99,"column":4},"end":{"line":125,"column":5}},"45":{"start":{"line":100,"column":19},"end":{"line":100,"column":60}},"46":{"start":{"line":101,"column":6},"end":{"line":103,"column":7}},"47":{"start":{"line":102,"column":8},"end":{"line":102,"column":80}},"48":{"start":{"line":105,"column":25},"end":{"line":109,"column":8}},"49":{"start":{"line":111,"column":6},"end":{"line":111,"column":86}},"50":{"start":{"line":113,"column":24},"end":{"line":113,"column":88}},"51":{"start":{"line":114,"column":28},"end":{"line":117,"column":8}},"52":{"start":{"line":119,"column":6},"end":{"line":119,"column":83}},"53":{"start":{"line":121,"column":6},"end":{"line":121,"column":104}},"54":{"start":{"line":123,"column":6},"end":{"line":123,"column":43}},"55":{"start":{"line":124,"column":6},"end":{"line":124,"column":112}},"56":{"start":{"line":129,"column":35},"end":{"line":129,"column":43}},"57":{"start":{"line":130,"column":4},"end":{"line":130,"column":55}},"58":{"start":{"line":132,"column":4},"end":{"line":163,"column":5}},"59":{"start":{"line":133,"column":27},"end":{"line":133,"column":59}},"60":{"start":{"line":134,"column":6},"end":{"line":136,"column":7}},"61":{"start":{"line":135,"column":8},"end":{"line":135,"column":92}},"62":{"start":{"line":138,"column":21},"end":{"line":138,"column":40}},"63":{"start":{"line":140,"column":29},"end":{"line":140,"column":66}},"64":{"start":{"line":142,"column":42},"end":{"line":142,"column":75}},"65":{"start":{"line":143,"column":19},"end":{"line":146,"column":8}},"66":{"start":{"line":148,"column":27},"end":{"line":148,"column":70}},"67":{"start":{"line":150,"column":27},"end":{"line":152,"column":null}},"68":{"start":{"line":155,"column":6},"end":{"line":157,"column":7}},"69":{"start":{"line":156,"column":8},"end":{"line":156,"column":92}},"70":{"start":{"line":159,"column":6},"end":{"line":159,"column":101}},"71":{"start":{"line":161,"column":6},"end":{"line":161,"column":43}},"72":{"start":{"line":162,"column":6},"end":{"line":162,"column":112}},"73":{"start":{"line":167,"column":13},"end":{"line":167,"column":51}}},"fnMap":{"0":{"name":"(anonymous_1)","decl":{"start":{"line":13,"column":9},"end":{"line":13,"column":14}},"loc":{"start":{"line":13,"column":51},"end":{"line":61,"column":3}}},"1":{"name":"(anonymous_2)","decl":{"start":{"line":63,"column":9},"end":{"line":63,"column":14}},"loc":{"start":{"line":63,"column":48},"end":{"line":93,"column":3}}},"2":{"name":"(anonymous_3)","decl":{"start":{"line":95,"column":9},"end":{"line":95,"column":14}},"loc":{"start":{"line":95,"column":57},"end":{"line":126,"column":3}}},"3":{"name":"(anonymous_4)","decl":{"start":{"line":128,"column":9},"end":{"line":128,"column":14}},"loc":{"start":{"line":128,"column":56},"end":{"line":164,"column":3}}}},"branchMap":{"0":{"loc":{"start":{"line":21,"column":6},"end":{"line":24,"column":7}},"type":"if","locations":[{"start":{"line":21,"column":6},"end":{"line":24,"column":7}}]},"1":{"loc":{"start":{"line":21,"column":10},"end":{"line":21,"column":46}},"type":"binary-expr","locations":[{"start":{"line":21,"column":10},"end":{"line":21,"column":27}},{"start":{"line":21,"column":31},"end":{"line":21,"column":46}}]},"2":{"loc":{"start":{"line":50,"column":6},"end":{"line":53,"column":7}},"type":"if","locations":[{"start":{"line":50,"column":6},"end":{"line":53,"column":7}}]},"3":{"loc":{"start":{"line":59,"column":88},"end":{"line":59,"column":110}},"type":"binary-expr","locations":[{"start":{"line":59,"column":88},"end":{"line":59,"column":101}},{"start":{"line":59,"column":105},"end":{"line":59,"column":110}}]},"4":{"loc":{"start":{"line":71,"column":6},"end":{"line":88,"column":7}},"type":"if","locations":[{"start":{"line":71,"column":6},"end":{"line":88,"column":7}},{"start":{"line":86,"column":13},"end":{"line":88,"column":7}}]},"5":{"loc":{"start":{"line":71,"column":10},"end":{"line":71,"column":59}},"type":"binary-expr","locations":[{"start":{"line":71,"column":10},"end":{"line":71,"column":21}},{"start":{"line":71,"column":25},"end":{"line":71,"column":59}}]},"6":{"loc":{"start":{"line":79,"column":19},"end":{"line":79,"column":68}},"type":"binary-expr","locations":[{"start":{"line":79,"column":19},"end":{"line":79,"column":62}},{"start":{"line":79,"column":66},"end":{"line":79,"column":68}}]},"7":{"loc":{"start":{"line":91,"column":88},"end":{"line":91,"column":110}},"type":"binary-expr","locations":[{"start":{"line":91,"column":88},"end":{"line":91,"column":101}},{"start":{"line":91,"column":105},"end":{"line":91,"column":110}}]},"8":{"loc":{"start":{"line":101,"column":6},"end":{"line":103,"column":7}},"type":"if","locations":[{"start":{"line":101,"column":6},"end":{"line":103,"column":7}}]},"9":{"loc":{"start":{"line":101,"column":10},"end":{"line":101,"column":36}},"type":"binary-expr","locations":[{"start":{"line":101,"column":10},"end":{"line":101,"column":22}},{"start":{"line":101,"column":26},"end":{"line":101,"column":36}}]},"10":{"loc":{"start":{"line":124,"column":88},"end":{"line":124,"column":110}},"type":"binary-expr","locations":[{"start":{"line":124,"column":88},"end":{"line":124,"column":101}},{"start":{"line":124,"column":105},"end":{"line":124,"column":110}}]},"11":{"loc":{"start":{"line":134,"column":6},"end":{"line":136,"column":7}},"type":"if","locations":[{"start":{"line":134,"column":6},"end":{"line":136,"column":7}}]},"12":{"loc":{"start":{"line":134,"column":10},"end":{"line":134,"column":47}},"type":"binary-expr","locations":[{"start":{"line":134,"column":10},"end":{"line":134,"column":23}},{"start":{"line":134,"column":27},"end":{"line":134,"column":47}}]},"13":{"loc":{"start":{"line":155,"column":6},"end":{"line":157,"column":7}},"type":"if","locations":[{"start":{"line":155,"column":6},"end":{"line":157,"column":7}}]},"14":{"loc":{"start":{"line":162,"column":88},"end":{"line":162,"column":110}},"type":"binary-expr","locations":[{"start":{"line":162,"column":88},"end":{"line":162,"column":101}},{"start":{"line":162,"column":105},"end":{"line":162,"column":110}}]}},"s":{"0":2,"1":2,"2":2,"3":2,"4":2,"5":2,"6":2,"7":2,"8":2,"9":2,"10":2,"11":2,"12":2,"13":2,"14":0,"15":0,"16":2,"17":2,"18":2,"19":2,"20":2,"21":2,"22":2,"23":2,"24":0,"25":0,"26":0,"27":0,"28":1,"29":1,"30":1,"31":1,"32":1,"33":1,"34":0,"35":0,"36":0,"37":0,"38":0,"39":1,"40":0,"41":0,"42":0,"43":0,"44":0,"45":0,"46":0,"47":0,"48":0,"49":0,"50":0,"51":0,"52":0,"53":0,"54":0,"55":0,"56":0,"57":0,"58":0,"59":0,"60":0,"61":0,"62":0,"63":0,"64":0,"65":0,"66":0,"67":0,"68":0,"69":0,"70":0,"71":0,"72":0,"73":2},"f":{"0":2,"1":1,"2":0,"3":0},"b":{"0":[0],"1":[2,0],"2":[2],"3":[0,0],"4":[0,1],"5":[1,1],"6":[0,0],"7":[0,0],"8":[0],"9":[0,0],"10":[0,0],"11":[0],"12":[0,0],"13":[0],"14":[0,0]}}
,"/Users/MAC/Documents/bookstack-ci/src/controllers/books.controller.ts": {"path":"/Users/MAC/Documents/bookstack-ci/src/controllers/books.controller.ts","statementMap":{"0":{"start":{"line":2,"column":0},"end":{"line":2,"column":52}},"1":{"start":{"line":3,"column":0},"end":{"line":3,"column":49}},"2":{"start":{"line":4,"column":0},"end":{"line":4,"column":47}},"3":{"start":{"line":5,"column":0},"end":{"line":5,"column":40}},"4":{"start":{"line":9,"column":65},"end":{"line":9,"column":73}},"5":{"start":{"line":11,"column":4},"end":{"line":36,"column":5}},"6":{"start":{"line":12,"column":6},"end":{"line":12,"column":44}},"7":{"start":{"line":14,"column":18},"end":{"line":14,"column":47}},"8":{"start":{"line":16,"column":22},"end":{"line":24,"column":8}},"9":{"start":{"line":26,"column":6},"end":{"line":29,"column":7}},"10":{"start":{"line":27,"column":8},"end":{"line":27,"column":50}},"11":{"start":{"line":28,"column":8},"end":{"line":28,"column":89}},"12":{"start":{"line":31,"column":6},"end":{"line":31,"column":49}},"13":{"start":{"line":32,"column":6},"end":{"line":32,"column":114}},"14":{"start":{"line":34,"column":6},"end":{"line":34,"column":69}},"15":{"start":{"line":35,"column":6},"end":{"line":35,"column":112}},"16":{"start":{"line":40,"column":4},"end":{"line":45,"column":5}},"17":{"start":{"line":41,"column":20},"end":{"line":41,"column":74}},"18":{"start":{"line":42,"column":6},"end":{"line":42,"column":108}},"19":{"start":{"line":44,"column":6},"end":{"line":44,"column":112}},"20":{"start":{"line":49,"column":19},"end":{"line":49,"column":29}},"21":{"start":{"line":51,"column":4},"end":{"line":59,"column":5}},"22":{"start":{"line":52,"column":19},"end":{"line":52,"column":83}},"23":{"start":{"line":53,"column":6},"end":{"line":55,"column":7}},"24":{"start":{"line":54,"column":8},"end":{"line":54,"column":80}},"25":{"start":{"line":56,"column":6},"end":{"line":56,"column":105}},"26":{"start":{"line":58,"column":6},"end":{"line":58,"column":112}},"27":{"start":{"line":63,"column":19},"end":{"line":63,"column":29}},"28":{"start":{"line":64,"column":65},"end":{"line":64,"column":73}},"29":{"start":{"line":66,"column":4},"end":{"line":78,"column":5}},"30":{"start":{"line":67,"column":26},"end":{"line":69,"column":null}},"31":{"start":{"line":72,"column":6},"end":{"line":74,"column":7}},"32":{"start":{"line":73,"column":8},"end":{"line":73,"column":89}},"33":{"start":{"line":75,"column":6},"end":{"line":75,"column":112}},"34":{"start":{"line":77,"column":6},"end":{"line":77,"column":112}},"35":{"start":{"line":82,"column":19},"end":{"line":82,"column":29}},"36":{"start":{"line":84,"column":4},"end":{"line":93,"column":5}},"37":{"start":{"line":85,"column":26},"end":{"line":85,"column":123}},"38":{"start":{"line":87,"column":6},"end":{"line":89,"column":7}},"39":{"start":{"line":88,"column":8},"end":{"line":88,"column":89}},"40":{"start":{"line":90,"column":6},"end":{"line":90,"column":90}},"41":{"start":{"line":92,"column":6},"end":{"line":92,"column":112}},"42":{"start":{"line":97,"column":13},"end":{"line":97,"column":51}}},"fnMap":{"0":{"name":"(anonymous_0)","decl":{"start":{"line":8,"column":9},"end":{"line":8,"column":14}},"loc":{"start":{"line":8,"column":53},"end":{"line":37,"column":3}}},"1":{"name":"(anonymous_1)","decl":{"start":{"line":39,"column":9},"end":{"line":39,"column":14}},"loc":{"start":{"line":39,"column":51},"end":{"line":46,"column":3}}},"2":{"name":"(anonymous_2)","decl":{"start":{"line":48,"column":9},"end":{"line":48,"column":14}},"loc":{"start":{"line":48,"column":50},"end":{"line":60,"column":3}}},"3":{"name":"(anonymous_3)","decl":{"start":{"line":62,"column":9},"end":{"line":62,"column":14}},"loc":{"start":{"line":62,"column":53},"end":{"line":79,"column":3}}},"4":{"name":"(anonymous_4)","decl":{"start":{"line":81,"column":9},"end":{"line":81,"column":14}},"loc":{"start":{"line":81,"column":53},"end":{"line":94,"column":3}}}},"branchMap":{"0":{"loc":{"start":{"line":26,"column":6},"end":{"line":29,"column":7}},"type":"if","locations":[{"start":{"line":26,"column":6},"end":{"line":29,"column":7}}]},"1":{"loc":{"start":{"line":35,"column":88},"end":{"line":35,"column":110}},"type":"binary-expr","locations":[{"start":{"line":35,"column":88},"end":{"line":35,"column":101}},{"start":{"line":35,"column":105},"end":{"line":35,"column":110}}]},"2":{"loc":{"start":{"line":44,"column":88},"end":{"line":44,"column":110}},"type":"binary-expr","locations":[{"start":{"line":44,"column":88},"end":{"line":44,"column":101}},{"start":{"line":44,"column":105},"end":{"line":44,"column":110}}]},"3":{"loc":{"start":{"line":53,"column":6},"end":{"line":55,"column":7}},"type":"if","locations":[{"start":{"line":53,"column":6},"end":{"line":55,"column":7}}]},"4":{"loc":{"start":{"line":53,"column":10},"end":{"line":53,"column":36}},"type":"binary-expr","locations":[{"start":{"line":53,"column":10},"end":{"line":53,"column":22}},{"start":{"line":53,"column":26},"end":{"line":53,"column":36}}]},"5":{"loc":{"start":{"line":58,"column":88},"end":{"line":58,"column":110}},"type":"binary-expr","locations":[{"start":{"line":58,"column":88},"end":{"line":58,"column":101}},{"start":{"line":58,"column":105},"end":{"line":58,"column":110}}]},"6":{"loc":{"start":{"line":72,"column":6},"end":{"line":74,"column":7}},"type":"if","locations":[{"start":{"line":72,"column":6},"end":{"line":74,"column":7}}]},"7":{"loc":{"start":{"line":77,"column":88},"end":{"line":77,"column":110}},"type":"binary-expr","locations":[{"start":{"line":77,"column":88},"end":{"line":77,"column":101}},{"start":{"line":77,"column":105},"end":{"line":77,"column":110}}]},"8":{"loc":{"start":{"line":87,"column":6},"end":{"line":89,"column":7}},"type":"if","locations":[{"start":{"line":87,"column":6},"end":{"line":89,"column":7}}]},"9":{"loc":{"start":{"line":92,"column":88},"end":{"line":92,"column":110}},"type":"binary-expr","locations":[{"start":{"line":92,"column":88},"end":{"line":92,"column":101}},{"start":{"line":92,"column":105},"end":{"line":92,"column":110}}]}},"s":{"0":2,"1":2,"2":2,"3":2,"4":1,"5":1,"6":1,"7":1,"8":1,"9":1,"10":1,"11":1,"12":0,"13":0,"14":0,"15":0,"16":1,"17":1,"18":1,"19":0,"20":0,"21":0,"22":0,"23":0,"24":0,"25":0,"26":0,"27":0,"28":0,"29":0,"30":0,"31":0,"32":0,"33":0,"34":0,"35":0,"36":0,"37":0,"38":0,"39":0,"40":0,"41":0,"42":2},"f":{"0":1,"1":1,"2":0,"3":0,"4":0},"b":{"0":[1],"1":[0,0],"2":[0,0],"3":[0],"4":[0,0],"5":[0,0],"6":[0],"7":[0,0],"8":[0],"9":[0,0]}}
,"/Users/MAC/Documents/bookstack-ci/src/middleware/auth.ts": {"path":"/Users/MAC/Documents/bookstack-ci/src/middleware/auth.ts","statementMap":{"0":{"start":{"line":2,"column":0},"end":{"line":2,"column":41}},"1":{"start":{"line":3,"column":0},"end":{"line":3,"column":52}},"2":{"start":{"line":4,"column":0},"end":{"line":4,"column":49}},"3":{"start":{"line":5,"column":0},"end":{"line":5,"column":47}},"4":{"start":{"line":6,"column":0},"end":{"line":6,"column":40}},"5":{"start":{"line":19,"column":18},"end":{"line":19,"column":43}},"6":{"start":{"line":20,"column":4},"end":{"line":23,"column":5}},"7":{"start":{"line":21,"column":6},"end":{"line":21,"column":77}},"8":{"start":{"line":22,"column":6},"end":{"line":22,"column":13}},"9":{"start":{"line":25,"column":4},"end":{"line":45,"column":5}},"10":{"start":{"line":26,"column":22},"end":{"line":26,"column":54}},"11":{"start":{"line":27,"column":6},"end":{"line":30,"column":7}},"12":{"start":{"line":28,"column":8},"end":{"line":28,"column":75}},"13":{"start":{"line":29,"column":8},"end":{"line":29,"column":15}},"14":{"start":{"line":32,"column":21},"end":{"line":32,"column":64}},"15":{"start":{"line":33,"column":19},"end":{"line":33,"column":58}},"16":{"start":{"line":35,"column":6},"end":{"line":38,"column":7}},"17":{"start":{"line":36,"column":8},"end":{"line":36,"column":76}},"18":{"start":{"line":37,"column":8},"end":{"line":37,"column":15}},"19":{"start":{"line":40,"column":6},"end":{"line":40,"column":27}},"20":{"start":{"line":41,"column":6},"end":{"line":41,"column":13}},"21":{"start":{"line":43,"column":6},"end":{"line":43,"column":52}},"22":{"start":{"line":44,"column":6},"end":{"line":44,"column":72}},"23":{"start":{"line":49,"column":13},"end":{"line":49,"column":51}}},"fnMap":{"0":{"name":"(anonymous_0)","decl":{"start":{"line":18,"column":9},"end":{"line":18,"column":14}},"loc":{"start":{"line":18,"column":75},"end":{"line":46,"column":3}}}},"branchMap":{"0":{"loc":{"start":{"line":20,"column":4},"end":{"line":23,"column":5}},"type":"if","locations":[{"start":{"line":20,"column":4},"end":{"line":23,"column":5}}]},"1":{"loc":{"start":{"line":27,"column":6},"end":{"line":30,"column":7}},"type":"if","locations":[{"start":{"line":27,"column":6},"end":{"line":30,"column":7}}]},"2":{"loc":{"start":{"line":27,"column":10},"end":{"line":27,"column":37}},"type":"binary-expr","locations":[{"start":{"line":27,"column":10},"end":{"line":27,"column":18}},{"start":{"line":27,"column":22},"end":{"line":27,"column":37}}]},"3":{"loc":{"start":{"line":35,"column":6},"end":{"line":38,"column":7}},"type":"if","locations":[{"start":{"line":35,"column":6},"end":{"line":38,"column":7}}]},"4":{"loc":{"start":{"line":35,"column":10},"end":{"line":35,"column":36}},"type":"binary-expr","locations":[{"start":{"line":35,"column":10},"end":{"line":35,"column":22}},{"start":{"line":35,"column":26},"end":{"line":35,"column":36}}]}},"s":{"0":2,"1":2,"2":2,"3":2,"4":2,"5":3,"6":3,"7":1,"8":1,"9":2,"10":2,"11":2,"12":0,"13":0,"14":2,"15":2,"16":2,"17":0,"18":0,"19":2,"20":2,"21":0,"22":0,"23":2},"f":{"0":3},"b":{"0":[1],"1":[0],"2":[2,2],"3":[0],"4":[2,2]}}
,"/Users/MAC/Documents/bookstack-ci/src/models/books.schema.ts": {"path":"/Users/MAC/Documents/bookstack-ci/src/models/books.schema.ts","statementMap":{"0":{"start":{"line":2,"column":0},"end":{"line":2,"column":48}},"1":{"start":{"line":7,"column":19},"end":{"line":16,"column":null}},"2":{"start":{"line":33,"column":20},"end":{"line":33,"column":30}},"3":{"start":{"line":19,"column":0},"end":{"line":29,"column":3}},"4":{"start":{"line":21,"column":4},"end":{"line":23,"column":5}},"5":{"start":{"line":22,"column":6},"end":{"line":22,"column":57}},"6":{"start":{"line":24,"column":4},"end":{"line":26,"column":5}},"7":{"start":{"line":25,"column":6},"end":{"line":25,"column":57}},"8":{"start":{"line":27,"column":4},"end":{"line":27,"column":15}},"9":{"start":{"line":31,"column":18},"end":{"line":31,"column":66}},"10":{"start":{"line":33,"column":9},"end":{"line":33,"column":18}}},"fnMap":{"0":{"name":"(anonymous_0)","decl":{"start":{"line":20,"column":13},"end":{"line":20,"column":23}},"loc":{"start":{"line":20,"column":87},"end":{"line":28,"column":3}}}},"branchMap":{"0":{"loc":{"start":{"line":21,"column":4},"end":{"line":23,"column":5}},"type":"if","locations":[{"start":{"line":21,"column":4},"end":{"line":23,"column":5}}]},"1":{"loc":{"start":{"line":24,"column":4},"end":{"line":26,"column":5}},"type":"if","locations":[{"start":{"line":24,"column":4},"end":{"line":26,"column":5}}]}},"s":{"0":2,"1":2,"2":2,"3":2,"4":0,"5":0,"6":0,"7":0,"8":0,"9":2,"10":2},"f":{"0":0},"b":{"0":[0],"1":[0]}}
,"/Users/MAC/Documents/bookstack-ci/src/models/user.schema.ts": {"path":"/Users/MAC/Documents/bookstack-ci/src/models/user.schema.ts","statementMap":{"0":{"start":{"line":1,"column":0},"end":{"line":1,"column":46}},"1":{"start":{"line":2,"column":0},"end":{"line":2,"column":40}},"2":{"start":{"line":7,"column":19},"end":{"line":38,"column":null}},"3":{"start":{"line":79,"column":20},"end":{"line":79,"column":30}},"4":{"start":{"line":41,"column":0},"end":{"line":45,"column":3}},"5":{"start":{"line":42,"column":2},"end":{"line":42,"column":50}},"6":{"start":{"line":42,"column":36},"end":{"line":42,"column":50}},"7":{"start":{"line":43,"column":2},"end":{"line":43,"column":58}},"8":{"start":{"line":44,"column":2},"end":{"line":44,"column":9}},"9":{"start":{"line":47,"column":0},"end":{"line":49,"column":2}},"10":{"start":{"line":48,"column":2},"end":{"line":48,"column":67}},"11":{"start":{"line":51,"column":0},"end":{"line":62,"column":3}},"12":{"start":{"line":53,"column":4},"end":{"line":53,"column":24}},"13":{"start":{"line":54,"column":4},"end":{"line":56,"column":5}},"14":{"start":{"line":55,"column":6},"end":{"line":55,"column":57}},"15":{"start":{"line":57,"column":4},"end":{"line":59,"column":5}},"16":{"start":{"line":58,"column":6},"end":{"line":58,"column":57}},"17":{"start":{"line":60,"column":4},"end":{"line":60,"column":15}},"18":{"start":{"line":64,"column":0},"end":{"line":75,"column":3}},"19":{"start":{"line":66,"column":4},"end":{"line":66,"column":24}},"20":{"start":{"line":67,"column":4},"end":{"line":69,"column":5}},"21":{"start":{"line":68,"column":6},"end":{"line":68,"column":57}},"22":{"start":{"line":70,"column":4},"end":{"line":72,"column":5}},"23":{"start":{"line":71,"column":6},"end":{"line":71,"column":57}},"24":{"start":{"line":73,"column":4},"end":{"line":73,"column":15}},"25":{"start":{"line":77,"column":18},"end":{"line":77,"column":66}},"26":{"start":{"line":79,"column":9},"end":{"line":79,"column":18}}},"fnMap":{"0":{"name":"(anonymous_0)","decl":{"start":{"line":41,"column":23},"end":{"line":41,"column":33}},"loc":{"start":{"line":41,"column":37},"end":{"line":45,"column":1}}},"1":{"name":"(anonymous_1)","decl":{"start":{"line":47,"column":35},"end":{"line":47,"column":45}},"loc":{"start":{"line":47,"column":68},"end":{"line":49,"column":1}}},"2":{"name":"(anonymous_2)","decl":{"start":{"line":52,"column":13},"end":{"line":52,"column":23}},"loc":{"start":{"line":52,"column":87},"end":{"line":61,"column":3}}},"3":{"name":"(anonymous_3)","decl":{"start":{"line":65,"column":13},"end":{"line":65,"column":23}},"loc":{"start":{"line":65,"column":87},"end":{"line":74,"column":3}}}},"branchMap":{"0":{"loc":{"start":{"line":42,"column":2},"end":{"line":42,"column":50}},"type":"if","locations":[{"start":{"line":42,"column":2},"end":{"line":42,"column":50}}]},"1":{"loc":{"start":{"line":54,"column":4},"end":{"line":56,"column":5}},"type":"if","locations":[{"start":{"line":54,"column":4},"end":{"line":56,"column":5}}]},"2":{"loc":{"start":{"line":57,"column":4},"end":{"line":59,"column":5}},"type":"if","locations":[{"start":{"line":57,"column":4},"end":{"line":59,"column":5}}]},"3":{"loc":{"start":{"line":67,"column":4},"end":{"line":69,"column":5}},"type":"if","locations":[{"start":{"line":67,"column":4},"end":{"line":69,"column":5}}]},"4":{"loc":{"start":{"line":70,"column":4},"end":{"line":72,"column":5}},"type":"if","locations":[{"start":{"line":70,"column":4},"end":{"line":72,"column":5}}]}},"s":{"0":2,"1":2,"2":2,"3":2,"4":2,"5":0,"6":0,"7":0,"8":0,"9":2,"10":1,"11":2,"12":0,"13":0,"14":0,"15":0,"16":0,"17":0,"18":2,"19":1,"20":1,"21":1,"22":1,"23":1,"24":1,"25":2,"26":2},"f":{"0":0,"1":1,"2":0,"3":1},"b":{"0":[0],"1":[0],"2":[0],"3":[1],"4":[1]}}
,"/Users/MAC/Documents/bookstack-ci/src/routes/auth.routes.ts": {"path":"/Users/MAC/Documents/bookstack-ci/src/routes/auth.routes.ts","statementMap":{"0":{"start":{"line":1,"column":0},"end":{"line":1,"column":64}},"1":{"start":{"line":2,"column":0},"end":{"line":2,"column":30}},"2":{"start":{"line":4,"column":15},"end":{"line":4,"column":31}},"3":{"start":{"line":6,"column":0},"end":{"line":6,"column":50}},"4":{"start":{"line":7,"column":0},"end":{"line":7,"column":44}},"5":{"start":{"line":8,"column":0},"end":{"line":8,"column":63}},"6":{"start":{"line":9,"column":0},"end":{"line":9,"column":61}},"7":{"start":{"line":11,"column":0},"end":{"line":11,"column":22}}},"fnMap":{},"branchMap":{},"s":{"0":2,"1":2,"2":2,"3":2,"4":2,"5":2,"6":2,"7":2},"f":{},"b":{}}
,"/Users/MAC/Documents/bookstack-ci/src/routes/book.routes.ts": {"path":"/Users/MAC/Documents/bookstack-ci/src/routes/book.routes.ts","statementMap":{"0":{"start":{"line":1,"column":0},"end":{"line":1,"column":30}},"1":{"start":{"line":2,"column":0},"end":{"line":2,"column":52}},"2":{"start":{"line":3,"column":0},"end":{"line":3,"column":65}},"3":{"start":{"line":5,"column":15},"end":{"line":5,"column":31}},"4":{"start":{"line":7,"column":0},"end":{"line":7,"column":105}},"5":{"start":{"line":9,"column":0},"end":{"line":9,"column":100}},"6":{"start":{"line":11,"column":0},"end":{"line":11,"column":102}},"7":{"start":{"line":13,"column":0},"end":{"line":13,"column":108}},"8":{"start":{"line":15,"column":0},"end":{"line":15,"column":111}},"9":{"start":{"line":17,"column":0},"end":{"line":17,"column":22}}},"fnMap":{},"branchMap":{},"s":{"0":2,"1":2,"2":2,"3":2,"4":2,"5":2,"6":2,"7":2,"8":2,"9":2},"f":{},"b":{}}
,"/Users/MAC/Documents/bookstack-ci/src/service/mongo.ts": {"path":"/Users/MAC/Documents/bookstack-ci/src/service/mongo.ts","statementMap":{"0":{"start":{"line":1,"column":0},"end":{"line":1,"column":64}},"1":{"start":{"line":2,"column":0},"end":{"line":2,"column":62}},"2":{"start":{"line":4,"column":0},"end":{"line":4,"column":65}},"3":{"start":{"line":8,"column":10},"end":{"line":8,"column":47}},"4":{"start":{"line":11,"column":4},"end":{"line":11,"column":23}},"5":{"start":{"line":15,"column":4},"end":{"line":15,"column":44}},"6":{"start":{"line":20,"column":4},"end":{"line":23,"column":5}},"7":{"start":{"line":21,"column":6},"end":{"line":21,"column":51}},"8":{"start":{"line":22,"column":6},"end":{"line":22,"column":38}},"9":{"start":{"line":27,"column":4},"end":{"line":31,"column":5}},"10":{"start":{"line":28,"column":6},"end":{"line":28,"column":45}},"11":{"start":{"line":29,"column":6},"end":{"line":29,"column":32}},"12":{"start":{"line":30,"column":6},"end":{"line":30,"column":26}},"13":{"start":{"line":35,"column":4},"end":{"line":39,"column":5}},"14":{"start":{"line":36,"column":6},"end":{"line":36,"column":44}},"15":{"start":{"line":37,"column":6},"end":{"line":37,"column":32}},"16":{"start":{"line":38,"column":6},"end":{"line":38,"column":26}},"17":{"start":{"line":43,"column":4},"end":{"line":50,"column":5}},"18":{"start":{"line":44,"column":26},"end":{"line":44,"column":46}},"19":{"start":{"line":45,"column":23},"end":{"line":45,"column":72}},"20":{"start":{"line":46,"column":6},"end":{"line":46,"column":82}},"21":{"start":{"line":48,"column":6},"end":{"line":48,"column":36}},"22":{"start":{"line":49,"column":6},"end":{"line":49,"column":82}},"23":{"start":{"line":54,"column":4},"end":{"line":59,"column":5}},"24":{"start":{"line":55,"column":18},"end":{"line":55,"column":83}},"25":{"start":{"line":56,"column":6},"end":{"line":56,"column":107}},"26":{"start":{"line":58,"column":6},"end":{"line":58,"column":84}},"27":{"start":{"line":63,"column":4},"end":{"line":68,"column":5}},"28":{"start":{"line":64,"column":18},"end":{"line":64,"column":78}},"29":{"start":{"line":65,"column":6},"end":{"line":65,"column":107}},"30":{"start":{"line":67,"column":6},"end":{"line":67,"column":84}},"31":{"start":{"line":72,"column":4},"end":{"line":77,"column":5}},"32":{"start":{"line":73,"column":19},"end":{"line":73,"column":100}},"33":{"start":{"line":74,"column":6},"end":{"line":74,"column":81}},"34":{"start":{"line":76,"column":6},"end":{"line":76,"column":83}},"35":{"start":{"line":81,"column":4},"end":{"line":93,"column":5}},"36":{"start":{"line":82,"column":25},"end":{"line":86,"column":8}},"37":{"start":{"line":87,"column":6},"end":{"line":89,"column":72}},"38":{"start":{"line":91,"column":6},"end":{"line":91,"column":36}},"39":{"start":{"line":92,"column":6},"end":{"line":92,"column":82}},"40":{"start":{"line":97,"column":4},"end":{"line":105,"column":5}},"41":{"start":{"line":98,"column":25},"end":{"line":98,"column":94}},"42":{"start":{"line":99,"column":6},"end":{"line":101,"column":72}},"43":{"start":{"line":103,"column":6},"end":{"line":103,"column":36}},"44":{"start":{"line":104,"column":6},"end":{"line":104,"column":82}},"45":{"start":{"line":109,"column":13},"end":{"line":109,"column":76}},"46":{"start":{"line":110,"column":13},"end":{"line":110,"column":76}}},"fnMap":{"0":{"name":"(anonymous_0)","decl":{"start":{"line":10,"column":2},"end":{"line":10,"column":14}},"loc":{"start":{"line":10,"column":29},"end":{"line":12,"column":3}}},"1":{"name":"(anonymous_1)","decl":{"start":{"line":14,"column":10},"end":{"line":14,"column":24}},"loc":{"start":{"line":14,"column":91},"end":{"line":16,"column":3}}},"2":{"name":"(anonymous_2)","decl":{"start":{"line":19,"column":9},"end":{"line":19,"column":14}},"loc":{"start":{"line":19,"column":27},"end":{"line":24,"column":3}}},"3":{"name":"(anonymous_3)","decl":{"start":{"line":26,"column":9},"end":{"line":26,"column":14}},"loc":{"start":{"line":26,"column":32},"end":{"line":32,"column":3}}},"4":{"name":"(anonymous_4)","decl":{"start":{"line":34,"column":9},"end":{"line":34,"column":14}},"loc":{"start":{"line":34,"column":31},"end":{"line":40,"column":3}}},"5":{"name":"(anonymous_5)","decl":{"start":{"line":42,"column":2},"end":{"line":42,"column":7}},"loc":{"start":{"line":42,"column":31},"end":{"line":51,"column":3}}},"6":{"name":"(anonymous_6)","decl":{"start":{"line":53,"column":2},"end":{"line":53,"column":7}},"loc":{"start":{"line":53,"column":44},"end":{"line":60,"column":3}}},"7":{"name":"(anonymous_7)","decl":{"start":{"line":62,"column":2},"end":{"line":62,"column":7}},"loc":{"start":{"line":62,"column":26},"end":{"line":69,"column":3}}},"8":{"name":"(anonymous_8)","decl":{"start":{"line":71,"column":2},"end":{"line":71,"column":7}},"loc":{"start":{"line":71,"column":50},"end":{"line":78,"column":3}}},"9":{"name":"(anonymous_9)","decl":{"start":{"line":80,"column":2},"end":{"line":80,"column":7}},"loc":{"start":{"line":80,"column":52},"end":{"line":94,"column":3}}},"10":{"name":"(anonymous_10)","decl":{"start":{"line":96,"column":2},"end":{"line":96,"column":7}},"loc":{"start":{"line":96,"column":28},"end":{"line":106,"column":3}}}},"branchMap":{"0":{"loc":{"start":{"line":14,"column":42},"end":{"line":14,"column":58}},"type":"default-arg","locations":[{"start":{"line":14,"column":54},"end":{"line":14,"column":58}}]},"1":{"loc":{"start":{"line":14,"column":60},"end":{"line":14,"column":72}},"type":"default-arg","locations":[{"start":{"line":14,"column":70},"end":{"line":14,"column":72}}]},"2":{"loc":{"start":{"line":14,"column":74},"end":{"line":14,"column":91}},"type":"default-arg","locations":[{"start":{"line":14,"column":87},"end":{"line":14,"column":91}}]},"3":{"loc":{"start":{"line":20,"column":4},"end":{"line":23,"column":5}},"type":"if","locations":[{"start":{"line":20,"column":4},"end":{"line":23,"column":5}}]},"4":{"loc":{"start":{"line":27,"column":4},"end":{"line":31,"column":5}},"type":"if","locations":[{"start":{"line":27,"column":4},"end":{"line":31,"column":5}}]},"5":{"loc":{"start":{"line":35,"column":4},"end":{"line":39,"column":5}},"type":"if","locations":[{"start":{"line":35,"column":4},"end":{"line":39,"column":5}}]},"6":{"loc":{"start":{"line":56,"column":13},"end":{"line":56,"column":106}},"type":"cond-expr","locations":[{"start":{"line":56,"column":19},"end":{"line":56,"column":49}},{"start":{"line":56,"column":52},"end":{"line":56,"column":106}}]},"7":{"loc":{"start":{"line":65,"column":13},"end":{"line":65,"column":106}},"type":"cond-expr","locations":[{"start":{"line":65,"column":19},"end":{"line":65,"column":49}},{"start":{"line":65,"column":52},"end":{"line":65,"column":106}}]},"8":{"loc":{"start":{"line":71,"column":13},"end":{"line":71,"column":28}},"type":"default-arg","locations":[{"start":{"line":71,"column":26},"end":{"line":71,"column":28}}]},"9":{"loc":{"start":{"line":71,"column":30},"end":{"line":71,"column":40}},"type":"default-arg","locations":[{"start":{"line":71,"column":38},"end":{"line":71,"column":40}}]},"10":{"loc":{"start":{"line":71,"column":42},"end":{"line":71,"column":50}},"type":"default-arg","locations":[{"start":{"line":71,"column":49},"end":{"line":71,"column":50}}]},"11":{"loc":{"start":{"line":87,"column":13},"end":{"line":89,"column":71}},"type":"cond-expr","locations":[{"start":{"line":88,"column":10},"end":{"line":88,"column":80}},{"start":{"line":89,"column":10},"end":{"line":89,"column":71}}]},"12":{"loc":{"start":{"line":99,"column":13},"end":{"line":101,"column":71}},"type":"cond-expr","locations":[{"start":{"line":100,"column":10},"end":{"line":100,"column":80}},{"start":{"line":101,"column":10},"end":{"line":101,"column":71}}]}},"s":{"0":2,"1":2,"2":2,"3":4,"4":4,"5":17,"6":3,"7":3,"8":3,"9":0,"10":0,"11":0,"12":0,"13":7,"14":3,"15":3,"16":3,"17":1,"18":1,"19":1,"20":0,"21":1,"22":1,"23":2,"24":2,"25":2,"26":0,"27":3,"28":3,"29":1,"30":2,"31":1,"32":1,"33":1,"34":0,"35":6,"36":6,"37":4,"38":2,"39":2,"40":4,"41":4,"42":3,"43":1,"44":1,"45":2,"46":2},"f":{"0":4,"1":17,"2":3,"3":0,"4":7,"5":1,"6":2,"7":3,"8":1,"9":6,"10":4},"b":{"0":[0],"1":[3],"2":[11],"3":[3],"4":[0],"5":[3],"6":[2,0],"7":[1,0],"8":[0],"9":[1],"10":[1],"11":[4,0],"12":[3,0]}}
,"/Users/MAC/Documents/bookstack-ci/src/service/nodemailer.ts": {"path":"/Users/MAC/Documents/bookstack-ci/src/service/nodemailer.ts","statementMap":{"0":{"start":{"line":1,"column":0},"end":{"line":1,"column":36}},"1":{"start":{"line":7,"column":4},"end":{"line":13,"column":7}},"2":{"start":{"line":17,"column":4},"end":{"line":27,"column":5}},"3":{"start":{"line":18,"column":6},"end":{"line":23,"column":9}},"4":{"start":{"line":25,"column":6},"end":{"line":25,"column":52}},"5":{"start":{"line":26,"column":6},"end":{"line":26,"column":46}},"6":{"start":{"line":3,"column":0},"end":{"line":3,"column":13}},"7":{"start":{"line":31,"column":13},"end":{"line":31,"column":49}}},"fnMap":{"0":{"name":"(anonymous_1)","decl":{"start":{"line":6,"column":2},"end":{"line":6,"column":null}},"loc":{"start":{"line":6,"column":2},"end":{"line":14,"column":3}}},"1":{"name":"(anonymous_2)","decl":{"start":{"line":16,"column":9},"end":{"line":16,"column":14}},"loc":{"start":{"line":16,"column":65},"end":{"line":28,"column":3}}}},"branchMap":{},"s":{"0":2,"1":2,"2":0,"3":0,"4":0,"5":0,"6":2,"7":2},"f":{"0":2,"1":0},"b":{}}
,"/Users/MAC/Documents/bookstack-ci/src/types/response.ts": {"path":"/Users/MAC/Documents/bookstack-ci/src/types/response.ts","statementMap":{"0":{"start":{"line":6,"column":0},"end":{"line":6,"column":null}},"1":{"start":{"line":7,"column":2},"end":{"line":7,"column":null}},"2":{"start":{"line":8,"column":2},"end":{"line":8,"column":null}},"3":{"start":{"line":9,"column":2},"end":{"line":9,"column":null}},"4":{"start":{"line":10,"column":2},"end":{"line":10,"column":null}},"5":{"start":{"line":11,"column":2},"end":{"line":11,"column":null}},"6":{"start":{"line":12,"column":2},"end":{"line":12,"column":null}},"7":{"start":{"line":13,"column":2},"end":{"line":13,"column":null}},"8":{"start":{"line":14,"column":2},"end":{"line":14,"column":null}},"9":{"start":{"line":15,"column":2},"end":{"line":15,"column":null}},"10":{"start":{"line":16,"column":2},"end":{"line":16,"column":null}}},"fnMap":{"0":{"name":"(anonymous_0)","decl":{"start":{"line":6,"column":0},"end":{"line":6,"column":12}},"loc":{"start":{"line":6,"column":22},"end":{"line":17,"column":1}}}},"branchMap":{"0":{"loc":{"start":{"line":6,"column":12},"end":{"line":6,"column":null}},"type":"binary-expr","locations":[{"start":{"line":6,"column":12},"end":{"line":6,"column":22}},{"start":{"line":6,"column":22},"end":{"line":6,"column":null}}]}},"s":{"0":2,"1":2,"2":2,"3":2,"4":2,"5":2,"6":2,"7":2,"8":2,"9":2,"10":2},"f":{"0":2},"b":{"0":[2,2]}}
,"/Users/MAC/Documents/bookstack-ci/src/utils/crypto.ts": {"path":"/Users/MAC/Documents/bookstack-ci/src/utils/crypto.ts","statementMap":{"0":{"start":{"line":1,"column":0},"end":{"line":1,"column":28}},"1":{"start":{"line":7,"column":4},"end":{"line":7,"column":70}},"2":{"start":{"line":12,"column":38},"end":{"line":22,"column":6}},"3":{"start":{"line":24,"column":23},"end":{"line":24,"column":43}},"4":{"start":{"line":25,"column":24},"end":{"line":25,"column":45}},"5":{"start":{"line":27,"column":4},"end":{"line":30,"column":6}},"6":{"start":{"line":34,"column":22},"end":{"line":34,"column":54}},"7":{"start":{"line":35,"column":4},"end":{"line":35,"column":36}},"8":{"start":{"line":39,"column":4},"end":{"line":39,"column":54}},"9":{"start":{"line":43,"column":16},"end":{"line":43,"column":67}},"10":{"start":{"line":44,"column":15},"end":{"line":44,"column":37}},"11":{"start":{"line":45,"column":19},"end":{"line":45,"column":65}},"12":{"start":{"line":47,"column":20},"end":{"line":47,"column":54}},"13":{"start":{"line":48,"column":4},"end":{"line":48,"column":37}},"14":{"start":{"line":50,"column":4},"end":{"line":50,"column":48}},"15":{"start":{"line":54,"column":31},"end":{"line":54,"column":55}},"16":{"start":{"line":55,"column":16},"end":{"line":55,"column":67}},"17":{"start":{"line":56,"column":15},"end":{"line":56,"column":40}},"18":{"start":{"line":57,"column":21},"end":{"line":57,"column":69}},"19":{"start":{"line":59,"column":20},"end":{"line":59,"column":61}},"20":{"start":{"line":60,"column":4},"end":{"line":60,"column":40}},"21":{"start":{"line":62,"column":4},"end":{"line":62,"column":21}},"22":{"start":{"line":3,"column":0},"end":{"line":3,"column":13}},"23":{"start":{"line":4,"column":17},"end":{"line":4,"column":43}}},"fnMap":{"0":{"name":"(anonymous_1)","decl":{"start":{"line":6,"column":2},"end":{"line":6,"column":8}},"loc":{"start":{"line":6,"column":38},"end":{"line":8,"column":3}}},"1":{"name":"(anonymous_2)","decl":{"start":{"line":11,"column":2},"end":{"line":11,"column":8}},"loc":{"start":{"line":11,"column":28},"end":{"line":31,"column":3}}},"2":{"name":"(anonymous_3)","decl":{"start":{"line":33,"column":2},"end":{"line":33,"column":8}},"loc":{"start":{"line":33,"column":64},"end":{"line":36,"column":3}}},"3":{"name":"(anonymous_4)","decl":{"start":{"line":38,"column":2},"end":{"line":38,"column":8}},"loc":{"start":{"line":38,"column":46},"end":{"line":40,"column":3}}},"4":{"name":"(anonymous_5)","decl":{"start":{"line":42,"column":2},"end":{"line":42,"column":8}},"loc":{"start":{"line":42,"column":45},"end":{"line":51,"column":3}}},"5":{"name":"(anonymous_6)","decl":{"start":{"line":53,"column":2},"end":{"line":53,"column":8}},"loc":{"start":{"line":53,"column":54},"end":{"line":63,"column":3}}}},"branchMap":{"0":{"loc":{"start":{"line":38,"column":27},"end":{"line":38,"column":46}},"type":"default-arg","locations":[{"start":{"line":38,"column":44},"end":{"line":38,"column":46}}]}},"s":{"0":2,"1":3,"2":2,"3":2,"4":2,"5":2,"6":1,"7":1,"8":0,"9":2,"10":2,"11":2,"12":2,"13":2,"14":2,"15":0,"16":0,"17":0,"18":0,"19":0,"20":0,"21":0,"22":2,"23":2},"f":{"0":3,"1":2,"2":1,"3":0,"4":2,"5":0},"b":{"0":[0]}}
,"/Users/MAC/Documents/bookstack-ci/src/utils/reponse.ts": {"path":"/Users/MAC/Documents/bookstack-ci/src/utils/reponse.ts","statementMap":{"0":{"start":{"line":1,"column":0},"end":{"line":1,"column":47}},"1":{"start":{"line":5,"column":4},"end":{"line":5,"column":45}},"2":{"start":{"line":9,"column":4},"end":{"line":9,"column":45}},"3":{"start":{"line":3,"column":0},"end":{"line":3,"column":13}}},"fnMap":{"0":{"name":"(anonymous_0)","decl":{"start":{"line":4,"column":2},"end":{"line":4,"column":8}},"loc":{"start":{"line":4,"column":80},"end":{"line":6,"column":3}}},"1":{"name":"(anonymous_1)","decl":{"start":{"line":8,"column":2},"end":{"line":8,"column":8}},"loc":{"start":{"line":8,"column":113},"end":{"line":10,"column":3}}}},"branchMap":{"0":{"loc":{"start":{"line":4,"column":39},"end":{"line":4,"column":58}},"type":"default-arg","locations":[{"start":{"line":4,"column":49},"end":{"line":4,"column":58}}]},"1":{"loc":{"start":{"line":4,"column":60},"end":{"line":4,"column":80}},"type":"default-arg","locations":[{"start":{"line":4,"column":67},"end":{"line":4,"column":80}}]},"2":{"loc":{"start":{"line":8,"column":25},"end":{"line":8,"column":54}},"type":"default-arg","locations":[{"start":{"line":8,"column":35},"end":{"line":8,"column":54}}]},"3":{"loc":{"start":{"line":8,"column":56},"end":{"line":8,"column":95}},"type":"default-arg","locations":[{"start":{"line":8,"column":63},"end":{"line":8,"column":95}}]},"4":{"loc":{"start":{"line":8,"column":97},"end":{"line":8,"column":113}},"type":"default-arg","locations":[{"start":{"line":8,"column":109},"end":{"line":8,"column":113}}]}},"s":{"0":2,"1":1,"2":5,"3":2},"f":{"0":1,"1":5},"b":{"0":[0],"1":[0],"2":[0],"3":[0],"4":[5]}}
,"/Users/MAC/Documents/bookstack-ci/src/utils/tools.ts": {"path":"/Users/MAC/Documents/bookstack-ci/src/utils/tools.ts","statementMap":{"0":{"start":{"line":1,"column":0},"end":{"line":1,"column":31}},"1":{"start":{"line":8,"column":4},"end":{"line":8,"column":55}},"2":{"start":{"line":9,"column":4},"end":{"line":11,"column":5}},"3":{"start":{"line":10,"column":6},"end":{"line":10,"column":76}},"4":{"start":{"line":15,"column":4},"end":{"line":15,"column":68}},"5":{"start":{"line":19,"column":4},"end":{"line":24,"column":5}},"6":{"start":{"line":20,"column":22},"end":{"line":20,"column":73}},"7":{"start":{"line":21,"column":6},"end":{"line":21,"column":37}},"8":{"start":{"line":23,"column":6},"end":{"line":23,"column":18}},"9":{"start":{"line":28,"column":4},"end":{"line":32,"column":5}},"10":{"start":{"line":29,"column":6},"end":{"line":29,"column":41}},"11":{"start":{"line":31,"column":6},"end":{"line":31,"column":18}},"12":{"start":{"line":36,"column":19},"end":{"line":36,"column":36}},"13":{"start":{"line":37,"column":19},"end":{"line":37,"column":61}},"14":{"start":{"line":38,"column":20},"end":{"line":38,"column":54}},"15":{"start":{"line":39,"column":4},"end":{"line":39,"column":37}},"16":{"start":{"line":40,"column":4},"end":{"line":40,"column":21}},"17":{"start":{"line":44,"column":19},"end":{"line":44,"column":36}},"18":{"start":{"line":45,"column":21},"end":{"line":45,"column":65}},"19":{"start":{"line":46,"column":20},"end":{"line":46,"column":65}},"20":{"start":{"line":47,"column":4},"end":{"line":47,"column":40}},"21":{"start":{"line":48,"column":4},"end":{"line":48,"column":21}},"22":{"start":{"line":52,"column":13},"end":{"line":52,"column":35}}},"fnMap":{"0":{"name":"(anonymous_1)","decl":{"start":{"line":7,"column":2},"end":{"line":7,"column":null}},"loc":{"start":{"line":7,"column":2},"end":{"line":12,"column":3}}},"1":{"name":"(anonymous_2)","decl":{"start":{"line":14,"column":9},"end":{"line":14,"column":14}},"loc":{"start":{"line":14,"column":42},"end":{"line":16,"column":3}}},"2":{"name":"(anonymous_3)","decl":{"start":{"line":18,"column":9},"end":{"line":18,"column":14}},"loc":{"start":{"line":18,"column":40},"end":{"line":25,"column":3}}},"3":{"name":"(anonymous_4)","decl":{"start":{"line":27,"column":9},"end":{"line":27,"column":20}},"loc":{"start":{"line":27,"column":34},"end":{"line":33,"column":3}}},"4":{"name":"(anonymous_5)","decl":{"start":{"line":35,"column":9},"end":{"line":35,"column":16}},"loc":{"start":{"line":35,"column":45},"end":{"line":41,"column":3}}},"5":{"name":"(anonymous_6)","decl":{"start":{"line":43,"column":9},"end":{"line":43,"column":16}},"loc":{"start":{"line":43,"column":54},"end":{"line":49,"column":3}}}},"branchMap":{"0":{"loc":{"start":{"line":9,"column":4},"end":{"line":11,"column":5}},"type":"if","locations":[{"start":{"line":9,"column":4},"end":{"line":11,"column":5}}]}},"s":{"0":2,"1":2,"2":2,"3":0,"4":3,"5":2,"6":2,"7":2,"8":0,"9":0,"10":0,"11":0,"12":0,"13":0,"14":0,"15":0,"16":0,"17":0,"18":0,"19":0,"20":0,"21":0,"22":2},"f":{"0":2,"1":3,"2":2,"3":0,"4":0,"5":0},"b":{"0":[0]}}
,"/Users/MAC/Documents/bookstack-ci/src/validations/user.ts": {"path":"/Users/MAC/Documents/bookstack-ci/src/validations/user.ts","statementMap":{"0":{"start":{"line":1,"column":0},"end":{"line":1,"column":22}},"1":{"start":{"line":2,"column":0},"end":{"line":2,"column":32}},"2":{"start":{"line":3,"column":0},"end":{"line":3,"column":47}},"3":{"start":{"line":5,"column":0},"end":{"line":5,"column":49}},"4":{"start":{"line":7,"column":12},"end":{"line":7,"column":31}},"5":{"start":{"line":8,"column":22},"end":{"line":8,"column":50}},"6":{"start":{"line":10,"column":24},"end":{"line":95,"column":2}},"7":{"start":{"line":12,"column":19},"end":{"line":38,"column":6}},"8":{"start":{"line":40,"column":22},"end":{"line":40,"column":46}},"9":{"start":{"line":41,"column":4},"end":{"line":43,"column":5}},"10":{"start":{"line":42,"column":6},"end":{"line":42,"column":88}},"11":{"start":{"line":44,"column":4},"end":{"line":44,"column":16}},"12":{"start":{"line":48,"column":19},"end":{"line":56,"column":6}},"13":{"start":{"line":58,"column":22},"end":{"line":58,"column":46}},"14":{"start":{"line":59,"column":4},"end":{"line":61,"column":5}},"15":{"start":{"line":60,"column":6},"end":{"line":60,"column":88}},"16":{"start":{"line":62,"column":4},"end":{"line":62,"column":16}},"17":{"start":{"line":66,"column":19},"end":{"line":71,"column":6}},"18":{"start":{"line":73,"column":22},"end":{"line":73,"column":46}},"19":{"start":{"line":74,"column":4},"end":{"line":76,"column":5}},"20":{"start":{"line":75,"column":6},"end":{"line":75,"column":88}},"21":{"start":{"line":77,"column":4},"end":{"line":77,"column":16}},"22":{"start":{"line":81,"column":19},"end":{"line":87,"column":6}},"23":{"start":{"line":89,"column":22},"end":{"line":89,"column":46}},"24":{"start":{"line":90,"column":4},"end":{"line":92,"column":5}},"25":{"start":{"line":91,"column":6},"end":{"line":91,"column":88}},"26":{"start":{"line":93,"column":4},"end":{"line":93,"column":16}},"27":{"start":{"line":97,"column":0},"end":{"line":97,"column":31}}},"fnMap":{"0":{"name":"(anonymous_1)","decl":{"start":{"line":11,"column":2},"end":{"line":11,"column":7}},"loc":{"start":{"line":11,"column":44},"end":{"line":45,"column":3}}},"1":{"name":"(anonymous_2)","decl":{"start":{"line":47,"column":2},"end":{"line":47,"column":7}},"loc":{"start":{"line":47,"column":41},"end":{"line":63,"column":3}}},"2":{"name":"(anonymous_3)","decl":{"start":{"line":65,"column":2},"end":{"line":65,"column":7}},"loc":{"start":{"line":65,"column":50},"end":{"line":78,"column":3}}},"3":{"name":"(anonymous_4)","decl":{"start":{"line":80,"column":2},"end":{"line":80,"column":7}},"loc":{"start":{"line":80,"column":49},"end":{"line":94,"column":3}}}},"branchMap":{"0":{"loc":{"start":{"line":41,"column":4},"end":{"line":43,"column":5}},"type":"if","locations":[{"start":{"line":41,"column":4},"end":{"line":43,"column":5}}]},"1":{"loc":{"start":{"line":59,"column":4},"end":{"line":61,"column":5}},"type":"if","locations":[{"start":{"line":59,"column":4},"end":{"line":61,"column":5}}]},"2":{"loc":{"start":{"line":74,"column":4},"end":{"line":76,"column":5}},"type":"if","locations":[{"start":{"line":74,"column":4},"end":{"line":76,"column":5}}]},"3":{"loc":{"start":{"line":90,"column":4},"end":{"line":92,"column":5}},"type":"if","locations":[{"start":{"line":90,"column":4},"end":{"line":92,"column":5}}]}},"s":{"0":2,"1":2,"2":2,"3":2,"4":2,"5":2,"6":2,"7":2,"8":2,"9":2,"10":0,"11":2,"12":1,"13":1,"14":1,"15":0,"16":1,"17":0,"18":0,"19":0,"20":0,"21":0,"22":0,"23":0,"24":0,"25":0,"26":0,"27":2},"f":{"0":2,"1":1,"2":0,"3":0},"b":{"0":[0],"1":[0],"2":[0],"3":[0]}}
}
