TN:
SF:src/app.ts
FN:15,(anonymous_1)
FN:23,(anonymous_2)
FN:28,(anonymous_3)
FNF:3
FNH:0
FNDA:0,(anonymous_1)
FNDA:0,(anonymous_2)
FNDA:0,(anonymous_3)
DA:1,2
DA:2,2
DA:3,2
DA:4,2
DA:5,2
DA:6,2
DA:7,2
DA:9,2
DA:11,2
DA:12,2
DA:13,2
DA:15,2
DA:16,0
DA:19,2
DA:20,2
DA:22,2
DA:23,0
DA:24,0
DA:28,2
DA:29,0
DA:32,2
DA:33,2
DA:35,2
LF:23
LH:19
BRDA:19,0,0,2
BRDA:19,0,1,0
BRDA:22,1,0,0
BRF:3
BRH:1
end_of_record
TN:
SF:src/config/db.ts
FN:14,(anonymous_9)
FN:14,(anonymous_10)
FN:14,(anonymous_11)
FN:14,(anonymous_12)
FN:4,(anonymous_13)
FNF:5
FNH:3
FNDA:2,(anonymous_9)
FNDA:0,(anonymous_10)
FNDA:0,(anonymous_11)
FNDA:2,(anonymous_12)
FNDA:2,(anonymous_13)
DA:1,2
DA:2,2
DA:4,2
DA:5,2
DA:6,2
DA:7,2
DA:9,0
DA:10,0
DA:14,4
LF:9
LH:7
BRF:0
BRH:0
end_of_record
TN:
SF:src/controllers/auth.controller.ts
FN:13,(anonymous_1)
FN:63,(anonymous_2)
FN:95,(anonymous_3)
FN:128,(anonymous_4)
FNF:4
FNH:2
FNDA:2,(anonymous_1)
FNDA:1,(anonymous_2)
FNDA:0,(anonymous_3)
FNDA:0,(anonymous_4)
DA:2,2
DA:3,2
DA:4,2
DA:5,2
DA:6,2
DA:7,2
DA:9,2
DA:10,2
DA:14,2
DA:15,2
DA:17,2
DA:18,2
DA:20,2
DA:21,2
DA:22,0
DA:23,0
DA:26,2
DA:28,2
DA:29,2
DA:34,2
DA:39,2
DA:50,2
DA:51,2
DA:52,2
DA:55,0
DA:56,0
DA:58,0
DA:59,0
DA:64,1
DA:65,1
DA:67,1
DA:68,1
DA:69,1
DA:71,1
DA:72,0
DA:73,0
DA:78,0
DA:83,0
DA:85,0
DA:87,1
DA:90,0
DA:91,0
DA:96,0
DA:97,0
DA:99,0
DA:100,0
DA:101,0
DA:102,0
DA:105,0
DA:111,0
DA:113,0
DA:114,0
DA:119,0
DA:121,0
DA:123,0
DA:124,0
DA:129,0
DA:130,0
DA:132,0
DA:133,0
DA:134,0
DA:135,0
DA:138,0
DA:140,0
DA:142,0
DA:143,0
DA:148,0
DA:150,0
DA:155,0
DA:156,0
DA:159,0
DA:161,0
DA:162,0
DA:167,2
LF:74
LH:30
BRDA:21,0,0,0
BRDA:21,1,0,2
BRDA:21,1,1,0
BRDA:50,2,0,2
BRDA:59,3,0,0
BRDA:59,3,1,0
BRDA:71,4,0,0
BRDA:71,4,1,1
BRDA:71,5,0,1
BRDA:71,5,1,1
BRDA:79,6,0,0
BRDA:79,6,1,0
BRDA:91,7,0,0
BRDA:91,7,1,0
BRDA:101,8,0,0
BRDA:101,9,0,0
BRDA:101,9,1,0
BRDA:124,10,0,0
BRDA:124,10,1,0
BRDA:134,11,0,0
BRDA:134,12,0,0
BRDA:134,12,1,0
BRDA:155,13,0,0
BRDA:162,14,0,0
BRDA:162,14,1,0
BRF:25
BRH:5
end_of_record
TN:
SF:src/controllers/books.controller.ts
FN:8,(anonymous_0)
FN:39,(anonymous_1)
FN:48,(anonymous_2)
FN:62,(anonymous_3)
FN:81,(anonymous_4)
FNF:5
FNH:2
FNDA:1,(anonymous_0)
FNDA:1,(anonymous_1)
FNDA:0,(anonymous_2)
FNDA:0,(anonymous_3)
FNDA:0,(anonymous_4)
DA:2,2
DA:3,2
DA:4,2
DA:5,2
DA:9,1
DA:11,1
DA:12,1
DA:14,1
DA:16,1
DA:26,1
DA:27,1
DA:28,1
DA:31,0
DA:32,0
DA:34,0
DA:35,0
DA:40,1
DA:41,1
DA:42,1
DA:44,0
DA:49,0
DA:51,0
DA:52,0
DA:53,0
DA:54,0
DA:56,0
DA:58,0
DA:63,0
DA:64,0
DA:66,0
DA:67,0
DA:72,0
DA:73,0
DA:75,0
DA:77,0
DA:82,0
DA:84,0
DA:85,0
DA:87,0
DA:88,0
DA:90,0
DA:92,0
DA:97,2
LF:43
LH:16
BRDA:26,0,0,1
BRDA:35,1,0,0
BRDA:35,1,1,0
BRDA:44,2,0,0
BRDA:44,2,1,0
BRDA:53,3,0,0
BRDA:53,4,0,0
BRDA:53,4,1,0
BRDA:58,5,0,0
BRDA:58,5,1,0
BRDA:72,6,0,0
BRDA:77,7,0,0
BRDA:77,7,1,0
BRDA:87,8,0,0
BRDA:92,9,0,0
BRDA:92,9,1,0
BRF:16
BRH:1
end_of_record
TN:
SF:src/middleware/auth.ts
FN:18,(anonymous_0)
FNF:1
FNH:1
FNDA:3,(anonymous_0)
DA:2,2
DA:3,2
DA:4,2
DA:5,2
DA:6,2
DA:19,3
DA:20,3
DA:21,1
DA:22,1
DA:25,2
DA:26,2
DA:27,2
DA:28,0
DA:29,0
DA:32,2
DA:33,2
DA:35,2
DA:36,0
DA:37,0
DA:40,2
DA:41,2
DA:43,0
DA:44,0
DA:49,2
LF:24
LH:18
BRDA:20,0,0,1
BRDA:27,1,0,0
BRDA:27,2,0,2
BRDA:27,2,1,2
BRDA:35,3,0,0
BRDA:35,4,0,2
BRDA:35,4,1,2
BRF:7
BRH:5
end_of_record
TN:
SF:src/models/books.schema.ts
FN:20,(anonymous_0)
FNF:1
FNH:0
FNDA:0,(anonymous_0)
DA:2,2
DA:7,2
DA:19,2
DA:21,0
DA:22,0
DA:24,0
DA:25,0
DA:27,0
DA:31,2
DA:33,2
LF:10
LH:5
BRDA:21,0,0,0
BRDA:24,1,0,0
BRF:2
BRH:0
end_of_record
TN:
SF:src/models/user.schema.ts
FN:41,(anonymous_0)
FN:47,(anonymous_1)
FN:52,(anonymous_2)
FN:65,(anonymous_3)
FNF:4
FNH:2
FNDA:0,(anonymous_0)
FNDA:1,(anonymous_1)
FNDA:0,(anonymous_2)
FNDA:1,(anonymous_3)
DA:1,2
DA:2,2
DA:7,2
DA:41,2
DA:42,0
DA:43,0
DA:44,0
DA:47,2
DA:48,1
DA:51,2
DA:53,0
DA:54,0
DA:55,0
DA:57,0
DA:58,0
DA:60,0
DA:64,2
DA:66,1
DA:67,1
DA:68,1
DA:70,1
DA:71,1
DA:73,1
DA:77,2
DA:79,2
LF:25
LH:16
BRDA:42,0,0,0
BRDA:54,1,0,0
BRDA:57,2,0,0
BRDA:67,3,0,1
BRDA:70,4,0,1
BRF:5
BRH:2
end_of_record
TN:
SF:src/routes/auth.routes.ts
FNF:0
FNH:0
DA:1,2
DA:2,2
DA:4,2
DA:6,2
DA:7,2
DA:8,2
DA:9,2
DA:11,2
LF:8
LH:8
BRF:0
BRH:0
end_of_record
TN:
SF:src/routes/book.routes.ts
FNF:0
FNH:0
DA:1,2
DA:2,2
DA:3,2
DA:5,2
DA:7,2
DA:9,2
DA:11,2
DA:13,2
DA:15,2
DA:17,2
LF:10
LH:10
BRF:0
BRH:0
end_of_record
TN:
SF:src/service/mongo.ts
FN:10,(anonymous_0)
FN:14,(anonymous_1)
FN:19,(anonymous_2)
FN:26,(anonymous_3)
FN:34,(anonymous_4)
FN:42,(anonymous_5)
FN:53,(anonymous_6)
FN:62,(anonymous_7)
FN:71,(anonymous_8)
FN:80,(anonymous_9)
FN:96,(anonymous_10)
FNF:11
FNH:10
FNDA:4,(anonymous_0)
FNDA:17,(anonymous_1)
FNDA:3,(anonymous_2)
FNDA:0,(anonymous_3)
FNDA:7,(anonymous_4)
FNDA:1,(anonymous_5)
FNDA:2,(anonymous_6)
FNDA:3,(anonymous_7)
FNDA:1,(anonymous_8)
FNDA:6,(anonymous_9)
FNDA:4,(anonymous_10)
DA:1,2
DA:2,2
DA:4,2
DA:8,4
DA:11,4
DA:15,17
DA:20,3
DA:21,3
DA:22,3
DA:27,0
DA:28,0
DA:29,0
DA:30,0
DA:35,7
DA:36,3
DA:37,3
DA:38,3
DA:43,1
DA:44,1
DA:45,1
DA:46,0
DA:48,1
DA:49,1
DA:54,2
DA:55,2
DA:56,2
DA:58,0
DA:63,3
DA:64,3
DA:65,1
DA:67,2
DA:72,1
DA:73,1
DA:74,1
DA:76,0
DA:81,6
DA:82,6
DA:87,4
DA:91,2
DA:92,2
DA:97,4
DA:98,4
DA:99,3
DA:103,1
DA:104,1
DA:109,2
DA:110,2
LF:47
LH:40
BRDA:14,0,0,0
BRDA:14,1,0,3
BRDA:14,2,0,11
BRDA:20,3,0,3
BRDA:27,4,0,0
BRDA:35,5,0,3
BRDA:56,6,0,2
BRDA:56,6,1,0
BRDA:65,7,0,1
BRDA:65,7,1,0
BRDA:71,8,0,0
BRDA:71,9,0,1
BRDA:71,10,0,1
BRDA:87,11,0,4
BRDA:87,11,1,0
BRDA:99,12,0,3
BRDA:99,12,1,0
BRF:17
BRH:10
end_of_record
TN:
SF:src/service/nodemailer.ts
FN:6,(anonymous_1)
FN:16,(anonymous_2)
FNF:2
FNH:1
FNDA:2,(anonymous_1)
FNDA:0,(anonymous_2)
DA:1,2
DA:3,2
DA:7,2
DA:17,0
DA:18,0
DA:25,0
DA:26,0
DA:31,2
LF:8
LH:4
BRF:0
BRH:0
end_of_record
TN:
SF:src/types/response.ts
FN:6,(anonymous_0)
FNF:1
FNH:1
FNDA:2,(anonymous_0)
DA:6,2
DA:7,2
DA:8,2
DA:9,2
DA:10,2
DA:11,2
DA:12,2
DA:13,2
DA:14,2
DA:15,2
DA:16,2
LF:11
LH:11
BRDA:6,0,0,2
BRDA:6,0,1,2
BRF:2
BRH:2
end_of_record
TN:
SF:src/utils/crypto.ts
FN:6,(anonymous_1)
FN:11,(anonymous_2)
FN:33,(anonymous_3)
FN:38,(anonymous_4)
FN:42,(anonymous_5)
FN:53,(anonymous_6)
FNF:6
FNH:4
FNDA:3,(anonymous_1)
FNDA:2,(anonymous_2)
FNDA:1,(anonymous_3)
FNDA:0,(anonymous_4)
FNDA:2,(anonymous_5)
FNDA:0,(anonymous_6)
DA:1,2
DA:3,2
DA:4,2
DA:7,3
DA:12,2
DA:24,2
DA:25,2
DA:27,2
DA:34,1
DA:35,1
DA:39,0
DA:43,2
DA:44,2
DA:45,2
DA:47,2
DA:48,2
DA:50,2
DA:54,0
DA:55,0
DA:56,0
DA:57,0
DA:59,0
DA:60,0
DA:62,0
LF:24
LH:16
BRDA:38,0,0,0
BRF:1
BRH:0
end_of_record
TN:
SF:src/utils/reponse.ts
FN:4,(anonymous_0)
FN:8,(anonymous_1)
FNF:2
FNH:2
FNDA:1,(anonymous_0)
FNDA:5,(anonymous_1)
DA:1,2
DA:3,2
DA:5,1
DA:9,5
LF:4
LH:4
BRDA:4,0,0,0
BRDA:4,1,0,0
BRDA:8,2,0,0
BRDA:8,3,0,0
BRDA:8,4,0,5
BRF:5
BRH:1
end_of_record
TN:
SF:src/utils/tools.ts
FN:7,(anonymous_1)
FN:14,(anonymous_2)
FN:18,(anonymous_3)
FN:27,(anonymous_4)
FN:35,(anonymous_5)
FN:43,(anonymous_6)
FNF:6
FNH:3
FNDA:2,(anonymous_1)
FNDA:3,(anonymous_2)
FNDA:2,(anonymous_3)
FNDA:0,(anonymous_4)
FNDA:0,(anonymous_5)
FNDA:0,(anonymous_6)
DA:1,2
DA:8,2
DA:9,2
DA:10,0
DA:15,3
DA:19,2
DA:20,2
DA:21,2
DA:23,0
DA:28,0
DA:29,0
DA:31,0
DA:36,0
DA:37,0
DA:38,0
DA:39,0
DA:40,0
DA:44,0
DA:45,0
DA:46,0
DA:47,0
DA:48,0
DA:52,2
LF:23
LH:8
BRDA:9,0,0,0
BRF:1
BRH:0
end_of_record
TN:
SF:src/validations/user.ts
FN:11,(anonymous_1)
FN:47,(anonymous_2)
FN:65,(anonymous_3)
FN:80,(anonymous_4)
FNF:4
FNH:2
FNDA:2,(anonymous_1)
FNDA:1,(anonymous_2)
FNDA:0,(anonymous_3)
FNDA:0,(anonymous_4)
DA:1,2
DA:2,2
DA:3,2
DA:5,2
DA:7,2
DA:8,2
DA:10,2
DA:12,2
DA:40,2
DA:41,2
DA:42,0
DA:44,2
DA:48,1
DA:58,1
DA:59,1
DA:60,0
DA:62,1
DA:66,0
DA:73,0
DA:74,0
DA:75,0
DA:77,0
DA:81,0
DA:89,0
DA:90,0
DA:91,0
DA:93,0
DA:97,2
LF:28
LH:16
BRDA:41,0,0,0
BRDA:59,1,0,0
BRDA:74,2,0,0
BRDA:90,3,0,0
BRF:4
BRH:0
end_of_record
